"../../../../../../MyProjects/Pingu/PinguShooter/Content/Textures/BoatColor.uasset" 0
"../../../../../../MyProjects/Pingu/PinguShooter/Content/Materials/Boat/M_Boat.uasset" 1
"../../../../../../MyProjects/Pingu/PinguShooter/Content/Textures/Pinguine_Color.uasset" 2
"../../../../../../MyProjects/Pingu/PinguShooter/Content/Materials/Pinguin/M_Pinguin.uasset" 3
"../../../Engine/Content/Functions/Engine_MaterialFunctions01/Density/ExponentialDensity.uasset" 4
"../../../Engine/Content/Functions/Engine_MaterialFunctions01/Gradient/RadialGradientExponential.uasset" 5
"../../../Engine/Content/Functions/Engine_MaterialFunctions02/Utility/BreakOutFloat2Components.uasset" 6
"../../../Engine/Content/Functions/Engine_MaterialFunctions01/Texturing/ScaleUVsByCenter.uasset" 7
"../../../Engine/Content/Functions/Engine_MaterialFunctions02/ScreenResolution.uasset" 8
"../../../Engine/Content/Functions/Engine_MaterialFunctions02/Texturing/ScreenAlignedUVs.uasset" 9
"../../../../../../MyProjects/Pingu/PinguShooter/Content/Materials/PostProcess/FreezParameter.uasset" 10
"../../../../../../MyProjects/Pingu/PinguShooter/Content/Materials/Ice/Snow_N_T.uasset" 11
"../../../../../../MyProjects/Pingu/PinguShooter/Content/Textures/Deep-Freeze.uasset" 12
"../../../../../../MyProjects/Pingu/PinguShooter/Content/Materials/PostProcess/M_FreezEffect.uasset" 13
"../../../../../../MyProjects/Pingu/PinguShooter/Content/Materials/Water/WaterSplashTexture.uasset" 14
"../../../../../../MyProjects/Pingu/PinguShooter/Content/Materials/Water/P_WaterSplash.uasset" 15
"../../../../../../MyProjects/Pingu/PinguShooter/Content/Materials/Water/P_WaterSplash_Inst.uasset" 16
"../../../../../../MyProjects/Pingu/PinguShooter/Content/Materials/Water/waterEffects_SRM.uasset" 17
"../../../../../../MyProjects/Pingu/PinguShooter/Content/Meshes/Pinguin/Pingu_Arm_L_Skeleton.uasset" 18
"../../../../../../MyProjects/Pingu/PinguShooter/Content/Meshes/Pinguin/Pingu_Arm_L.uasset" 19
"../../../../../../MyProjects/Pingu/PinguShooter/Content/Meshes/Pinguin/Pingu_Arm_L_Anim_Armature_001_ArmatureAction.uasset" 20
"../../../../../../MyProjects/Pingu/PinguShooter/Content/Meshes/Pinguin/Pingu_Arm_L_Anim_Armature_001_Armature_001Action.uasset" 21
"../../../../../../MyProjects/Pingu/PinguShooter/Content/Meshes/Pinguin/Pingu_Arm_L_Anim_Armature_001_Armature_002Action.uasset" 22
"../../../../../../MyProjects/Pingu/PinguShooter/Content/Meshes/Pinguin/Pingu_Arm_L_Anim_Armature_001_Arm_LAction.uasset" 23
"../../../../../../MyProjects/Pingu/PinguShooter/Content/Meshes/Pinguin/Pingu_Arm_L_Anim_Armature_001_Arm_RAction.uasset" 24
"../../../../../../MyProjects/Pingu/PinguShooter/Content/Meshes/Pinguin/Pingu_Arm_L_Anim_Armature_002_ArmatureAction.uasset" 25
"../../../../../../MyProjects/Pingu/PinguShooter/Content/Meshes/Pinguin/Pingu_Arm_L_Anim_Armature_002_Armature_002Action.uasset" 26
"../../../../../../MyProjects/Pingu/PinguShooter/Content/Meshes/Pinguin/Pingu_Arm_L_Anim_Armature_002_Arm_LAction.uasset" 27
"../../../../../../MyProjects/Pingu/PinguShooter/Content/Meshes/Pinguin/Pingu_Arm_L_Anim_Armature_002_Arm_RAction.uasset" 28
"../../../../../../MyProjects/Pingu/PinguShooter/Content/Meshes/Pinguin/Pingu_Arm_L_Anim_Armature_ArmatureAction.uasset" 29
"../../../../../../MyProjects/Pingu/PinguShooter/Content/Meshes/Pinguin/Pingu_Arm_L_Anim_Armature_Armature_002Action.uasset" 30
"../../../../../../MyProjects/Pingu/PinguShooter/Content/Meshes/Pinguin/Pingu_Arm_L_Anim_Armature_Arm_LAction.uasset" 31
"../../../../../../MyProjects/Pingu/PinguShooter/Content/Meshes/Pinguin/Pingu_Arm_L_Anim_Armature_Arm_RAction.uasset" 32
"../../../../../../MyProjects/Pingu/PinguShooter/Content/Meshes/Pinguin/Pingu_Arm_R_Skeleton.uasset" 33
"../../../../../../MyProjects/Pingu/PinguShooter/Content/Meshes/Pinguin/Pingu_Arm_R_Anim_Armature_001_ArmatureAction.uasset" 34
"../../../../../../MyProjects/Pingu/PinguShooter/Content/Meshes/Pinguin/Pingu_Arm_R_Anim_Armature_001_Armature_001Action.uasset" 35
"../../../../../../MyProjects/Pingu/PinguShooter/Content/Meshes/Pinguin/Pingu_Arm_R_Anim_Armature_001_Armature_002Action.uasset" 36
"../../../../../../MyProjects/Pingu/PinguShooter/Content/Meshes/Pinguin/Pingu_Arm_R_Anim_Armature_001_Arm_LAction.uasset" 37
"../../../../../../MyProjects/Pingu/PinguShooter/Content/Meshes/Pinguin/Pingu_Arm_R_Anim_Armature_001_Arm_RAction.uasset" 38
"../../../../../../MyProjects/Pingu/PinguShooter/Content/Meshes/Pinguin/Pingu_Arm_R_Anim_Armature_002_Arm_LAction.uasset" 39
"../../../../../../MyProjects/Pingu/PinguShooter/Content/Meshes/Pinguin/Pingu_Arm_R_Anim_Armature_002_Arm_RAction.uasset" 40
"../../../../../../MyProjects/Pingu/PinguShooter/Content/Meshes/Pinguin/Pingu_Arm_R_Anim_Armature_ArmatureAction.uasset" 41
"../../../../../../MyProjects/Pingu/PinguShooter/Content/Meshes/Pinguin/Pingu_Arm_R_Anim_Armature_Armature_002Action.uasset" 42
"../../../../../../MyProjects/Pingu/PinguShooter/Content/Meshes/Pinguin/Pingu_Arm_R_Anim_Armature_Arm_LAction.uasset" 43
"../../../../../../MyProjects/Pingu/PinguShooter/Content/Meshes/Pinguin/Pingu_Arm_R_Anim_Armature_Arm_RAction.uasset" 44
"../../../../../../MyProjects/Pingu/PinguShooter/Content/Meshes/Pinguin/Pingu_Body_Skeleton.uasset" 45
"../../../../../../MyProjects/Pingu/PinguShooter/Content/Meshes/Pinguin/Pingu_Body_Anim_Armature_001_ArmatureAction.uasset" 46
"../../../../../../MyProjects/Pingu/PinguShooter/Content/Meshes/Pinguin/Pingu_Body_Anim_Armature_001_Armature_002Action.uasset" 47
"../../../../../../MyProjects/Pingu/PinguShooter/Content/Meshes/Pinguin/Pingu_Body_Anim_Armature_001_Arm_LAction.uasset" 48
"../../../../../../MyProjects/Pingu/PinguShooter/Content/Meshes/Pinguin/Pingu_Body_Anim_Armature_001_Arm_RAction.uasset" 49
"../../../../../../MyProjects/Pingu/PinguShooter/Content/Meshes/Pinguin/Pingu_Body_Anim_Armature_002_ArmatureAction.uasset" 50
"../../../../../../MyProjects/Pingu/PinguShooter/Content/Meshes/Pinguin/Pingu_Body_Anim_Armature_002_Armature_002Action.uasset" 51
"../../../../../../MyProjects/Pingu/PinguShooter/Content/Meshes/Pinguin/Pingu_Body_Anim_Armature_002_Arm_LAction.uasset" 52
"../../../../../../MyProjects/Pingu/PinguShooter/Content/Meshes/Pinguin/Pingu_Body_Anim_Armature_002_Arm_RAction.uasset" 53
"../../../../../../MyProjects/Pingu/PinguShooter/Content/Meshes/Pinguin/Pingu_Body_Anim_Armature_ArmatureAction.uasset" 54
"../../../../../../MyProjects/Pingu/PinguShooter/Content/Meshes/Pinguin/Pingu_Body_Anim_Armature_Armature_002Action.uasset" 55
"../../../../../../MyProjects/Pingu/PinguShooter/Content/Meshes/Pinguin/Pingu_Body_Anim_Armature_Arm_LAction.uasset" 56
"../../../../../../MyProjects/Pingu/PinguShooter/Content/Meshes/Pinguin/Pingu_Body_Anim_Armature_Arm_RAction.uasset" 57
"../../../../../../MyProjects/Pingu/PinguShooter/Content/Particles/P_WaterSplash.uasset" 58
"../../../../../../MyProjects/Pingu/PinguShooter/Content/StarterContent/Materials/M_Basic_Wall.uasset" 59
"../../../../../../MyProjects/Pingu/PinguShooter/Content/StarterContent/Architecture/Pillar_50x500.uasset" 60
"../../../../../../MyProjects/Pingu/PinguShooter/Content/StarterContent/Architecture/Wall_400x300.uasset" 61
"../../../../../../MyProjects/Pingu/PinguShooter/Content/StarterContent/Architecture/Wall_400x400.uasset" 62
"../../../../../../MyProjects/Pingu/PinguShooter/Content/StarterContent/Architecture/Wall_500x500.uasset" 63
"../../../../../../MyProjects/Pingu/PinguShooter/Content/StarterContent/Architecture/Wall_Door_400x400.uasset" 64
"../../../../../../MyProjects/Pingu/PinguShooter/Content/StarterContent/Architecture/Wall_Window_400x400.uasset" 65
"../../../../../../MyProjects/Pingu/PinguShooter/Content/StarterContent/Audio/Collapse01.uasset" 66
"../../../../../../MyProjects/Pingu/PinguShooter/Content/StarterContent/Audio/Collapse02.uasset" 67
"../../../../../../MyProjects/Pingu/PinguShooter/Content/StarterContent/Audio/Explosion01.uasset" 68
"../../../../../../MyProjects/Pingu/PinguShooter/Content/StarterContent/Audio/Explosion02.uasset" 69
"../../../../../../MyProjects/Pingu/PinguShooter/Content/StarterContent/Audio/Fire01.uasset" 70
"../../../../../../MyProjects/Pingu/PinguShooter/Content/StarterContent/Audio/Fire_Sparks01.uasset" 71
"../../../../../../MyProjects/Pingu/PinguShooter/Content/StarterContent/Audio/Light01.uasset" 72
"../../../../../../MyProjects/Pingu/PinguShooter/Content/StarterContent/Audio/Light01_Cue.uasset" 73
"../../../../../../MyProjects/Pingu/PinguShooter/Content/StarterContent/Audio/Light02.uasset" 74
"../../../../../../MyProjects/Pingu/PinguShooter/Content/StarterContent/Audio/Light02_Cue.uasset" 75
"../../../../../../MyProjects/Pingu/PinguShooter/Content/StarterContent/Audio/Smoke01.uasset" 76
"../../../../../../MyProjects/Pingu/PinguShooter/Content/StarterContent/Audio/Starter_Birds01.uasset" 77
"../../../../../../MyProjects/Pingu/PinguShooter/Content/StarterContent/Audio/Starter_Music01.uasset" 78
"../../../../../../MyProjects/Pingu/PinguShooter/Content/StarterContent/Audio/Starter_Wind05.uasset" 79
"../../../../../../MyProjects/Pingu/PinguShooter/Content/StarterContent/Audio/Starter_Wind06.uasset" 80
"../../../../../../MyProjects/Pingu/PinguShooter/Content/StarterContent/Audio/Steam01.uasset" 81
"../../../../../../MyProjects/Pingu/PinguShooter/Content/StarterContent/Audio/Explosion_Cue.uasset" 82
"../../../../../../MyProjects/Pingu/PinguShooter/Content/StarterContent/Textures/T_Burst_M.uasset" 83
"../../../../../../MyProjects/Pingu/PinguShooter/Content/StarterContent/Particles/Materials/M_Burst.uasset" 84
"../../../../../../MyProjects/Pingu/PinguShooter/Content/StarterContent/Textures/T_Explosion_SubUV.uasset" 85
"../../../../../../MyProjects/Pingu/PinguShooter/Content/StarterContent/Particles/Materials/M_explosion_subUV.uasset" 86
"../../../../../../MyProjects/Pingu/PinguShooter/Content/StarterContent/Particles/Materials/m_flare_01.uasset" 87
"../../../Engine/Content/Functions/Engine_MaterialFunctions01/Gradient/RadialGradient.uasset" 88
"../../../../../../MyProjects/Pingu/PinguShooter/Content/StarterContent/Particles/Materials/M_radial_ramp.uasset" 89
"../../../../../../MyProjects/Pingu/PinguShooter/Content/StarterContent/Textures/T_Smoke_SubUV.uasset" 90
"../../../../../../MyProjects/Pingu/PinguShooter/Content/StarterContent/Textures/T_Smoke_Tiled_D.uasset" 91
"../../../../../../MyProjects/Pingu/PinguShooter/Content/StarterContent/Particles/Materials/M_smoke_subUV.uasset" 92
"../../../../../../MyProjects/Pingu/PinguShooter/Content/StarterContent/Particles/P_Explosion.uasset" 93
"../../../../../../MyProjects/Pingu/PinguShooter/Content/StarterContent/Blueprints/Blueprint_Effect_Explosion.uasset" 94
"../../../Engine/Content/EditorMeshes/ColorCalibrator/T_ColorGrid.uasset" 95
"../../../../../../MyProjects/Pingu/PinguShooter/Content/StarterContent/Materials/M_ColorGrid_LowSpec.uasset" 96
"../../../../../../MyProjects/Pingu/PinguShooter/Content/StarterContent/Textures/T_Bush_D.uasset" 97
"../../../../../../MyProjects/Pingu/PinguShooter/Content/StarterContent/Textures/T_Bush_N.uasset" 98
"../../../../../../MyProjects/Pingu/PinguShooter/Content/StarterContent/Props/Materials/M_Bush.uasset" 99
"../../../../../../MyProjects/Pingu/PinguShooter/Content/StarterContent/Props/SM_Bush.uasset" 100
"../../../../../../MyProjects/Pingu/PinguShooter/Content/StarterContent/Textures/T_Chair_M.uasset" 101
"../../../../../../MyProjects/Pingu/PinguShooter/Content/StarterContent/Textures/T_Chair_N.uasset" 102
"../../../../../../MyProjects/Pingu/PinguShooter/Content/StarterContent/Props/Materials/M_Chair.uasset" 103
"../../../../../../MyProjects/Pingu/PinguShooter/Content/StarterContent/Props/SM_Couch.uasset" 104
"../../../../../../MyProjects/Pingu/PinguShooter/Content/StarterContent/Materials/M_Glass.uasset" 105
"../../../../../../MyProjects/Pingu/PinguShooter/Content/StarterContent/Textures/T_Door_M.uasset" 106
"../../../../../../MyProjects/Pingu/PinguShooter/Content/StarterContent/Textures/T_Door_N.uasset" 107
"../../../../../../MyProjects/Pingu/PinguShooter/Content/StarterContent/Props/Materials/M_Door.uasset" 108
"../../../../../../MyProjects/Pingu/PinguShooter/Content/StarterContent/Props/SM_Door.uasset" 109
"../../../../../../MyProjects/Pingu/PinguShooter/Content/StarterContent/Props/Materials/M_MaterialSphere.uasset" 110
"../../../../../../MyProjects/Pingu/PinguShooter/Content/StarterContent/Props/Materials/M_MaterialSphere_Plain.uasset" 111
"../../../../../../MyProjects/Pingu/PinguShooter/Content/StarterContent/Props/SM_MatPreviewMesh_02.uasset" 112
"../../../Engine/Content/Functions/Engine_MaterialFunctions02/Utility/BlendAngleCorrectedNormals.uasset" 113
"../../../../../../MyProjects/Pingu/PinguShooter/Content/StarterContent/Textures/T_Detail_Rocky_N.uasset" 114
"../../../../../../MyProjects/Pingu/PinguShooter/Content/StarterContent/Textures/T_Rock_Basalt_D.uasset" 115
"../../../../../../MyProjects/Pingu/PinguShooter/Content/StarterContent/Textures/T_RockMesh_M.uasset" 116
"../../../../../../MyProjects/Pingu/PinguShooter/Content/StarterContent/Textures/T_RockMesh_N.uasset" 117
"../../../../../../MyProjects/Pingu/PinguShooter/Content/StarterContent/Props/Materials/M_Rock.uasset" 118
"../../../../../../MyProjects/Pingu/PinguShooter/Content/StarterContent/Props/SM_Rock.uasset" 119
"../../../../../../MyProjects/Pingu/PinguShooter/Content/StarterContent/Textures/T_Shelf_M.uasset" 120
"../../../../../../MyProjects/Pingu/PinguShooter/Content/StarterContent/Textures/T_Shelf_N.uasset" 121
"../../../../../../MyProjects/Pingu/PinguShooter/Content/StarterContent/Props/Materials/M_Shelf.uasset" 122
"../../../../../../MyProjects/Pingu/PinguShooter/Content/StarterContent/Props/SM_Shelf.uasset" 123
"../../../../../../MyProjects/Pingu/PinguShooter/Content/StarterContent/Materials/M_Basic_Floor.uasset" 124
"../../../../../../MyProjects/Pingu/PinguShooter/Content/StarterContent/Props/SM_Stairs.uasset" 125
"../../../../../../MyProjects/Pingu/PinguShooter/Content/StarterContent/Shapes/Shape_Cone.uasset" 126
"../../../../../../MyProjects/Pingu/PinguShooter/Content/StarterContent/Shapes/Shape_Cylinder.uasset" 127
"../../../../../../MyProjects/Pingu/PinguShooter/Content/StarterContent/Shapes/Shape_Pipe.uasset" 128
"../../../../../../MyProjects/Pingu/PinguShooter/Content/StarterContent/Shapes/Shape_Pipe_180.uasset" 129
"../../../../../../MyProjects/Pingu/PinguShooter/Content/StarterContent/Shapes/Shape_Pipe_90.uasset" 130
"../../../../../../MyProjects/Pingu/PinguShooter/Content/StarterContent/Shapes/Shape_Plane.uasset" 131
"../../../../../../MyProjects/Pingu/PinguShooter/Content/StarterContent/Shapes/Shape_Torus.uasset" 132
"../../../../../../MyProjects/Pingu/PinguShooter/Content/StarterContent/Shapes/Shape_Trim.uasset" 133
"../../../../../../MyProjects/Pingu/PinguShooter/Content/StarterContent/Shapes/Shape_Trim_90_In.uasset" 134
"../../../../../../MyProjects/Pingu/PinguShooter/Content/StarterContent/Shapes/Shape_Trim_90_Out.uasset" 135
"../../../../../../MyProjects/Pingu/PinguShooter/Content/StarterContent/Shapes/Shape_TriPyramid.uasset" 136
"../../../../../../MyProjects/Pingu/PinguShooter/Content/StarterContent/Shapes/Shape_Tube.uasset" 137
"../../../../../../MyProjects/Pingu/PinguShooter/Content/StarterContent/Shapes/Shape_Wedge_A.uasset" 138
"../../../../../../MyProjects/Pingu/PinguShooter/Content/StarterContent/Shapes/Shape_Wedge_B.uasset" 139
"../../../../../../MyProjects/Pingu/PinguShooter/Content/StarterContent/Shapes/Shape_WideCapsule.uasset" 140
"../../../Engine/Content/Functions/Engine_MaterialFunctions01/Opacity/CameraDepthFade.uasset" 141
"../../../Engine/Content/EngineMaterials/T_Default_Material_Grid_M.uasset" 142
"../../../Engine/Content/EngineMaterials/T_Default_Material_Grid_N.uasset" 143
"../../../Engine/Content/EngineMaterials/WorldGridMaterial.uasset" 144
"../../../Engine/Content/ArtTools/RenderToTexture/Meshes/S_1_Unit_Plane.uasset" 145
"../../../Engine/Content/EngineMaterials/DefaultMaterial.uasset" 146
"../../../Engine/Content/BasicShapes/Cone.uasset" 147
"../../../Engine/Content/BasicShapes/Cylinder.uasset" 148
"../../../Engine/Content/BasicShapes/Sphere.uasset" 149
"../../../Engine/Content/EditorLandscapeResources/DataLayer.uasset" 150
"../../../Engine/Content/EditorMaterials/GizmoMaterial.uasset" 151
"../../../Engine/Content/EditorMaterials/MAT_Groups_Toggle.uasset" 152
"../../../Engine/Content/EditorMaterials/MAT_Groups_Visibility.uasset" 153
"../../../Engine/Content/EditorMaterials/PreviewShadowIndicator.uasset" 154
"../../../Engine/Content/EditorMaterials/PreviewShadowIndicatorMaterial.uasset" 155
"../../../Engine/Content/EditorMaterials/MatineeGroups/MAT_ColorTrack.uasset" 156
"../../../Engine/Content/EditorMaterials/MatineeGroups/MAT_Groups_Anim.uasset" 157
"../../../Engine/Content/EditorMaterials/MatineeGroups/MAT_Groups_AudioMaster.uasset" 158
"../../../Engine/Content/EditorMaterials/MatineeGroups/MAT_Groups_Director.uasset" 159
"../../../Engine/Content/EditorMaterials/MatineeGroups/MAT_Groups_Event.uasset" 160
"../../../Engine/Content/EditorMaterials/MatineeGroups/MAT_Groups_Fade.uasset" 161
"../../../Engine/Content/EditorMaterials/MatineeGroups/MAT_Groups_Float.uasset" 162
"../../../Engine/Content/EditorMaterials/MatineeGroups/MAT_Groups_Move.uasset" 163
"../../../Engine/Content/EditorMaterials/MatineeGroups/MAT_Groups_Slomo.uasset" 164
"../../../Engine/Content/EditorMaterials/MatineeGroups/MAT_Groups_Sound.uasset" 165
"../../../Engine/Content/EditorMaterials/MatineeGroups/MAT_Groups_Vector.uasset" 166
"../../../Engine/Content/EditorMaterials/ParticleSystems/PSysThumbnail_NoImage.uasset" 167
"../../../Engine/Content/EditorMaterials/ParticleSystems/PSysThumbnail_OOD.uasset" 168
"../../../Engine/Content/EditorMaterials/Camera/CineMat.uasset" 169
"../../../Engine/Content/EditorMaterials/Camera/MI_CineMat_Rig.uasset" 170
"../../../Engine/Content/EditorMeshes/Camera/SM_CraneRig_Arm.uasset" 171
"../../../Engine/Content/EditorMeshes/Camera/SM_CraneRig_Base.uasset" 172
"../../../Engine/Content/EditorMeshes/Camera/SM_CraneRig_Body.uasset" 173
"../../../Engine/Content/EditorMeshes/Camera/SM_CraneRig_Mount.uasset" 174
"../../../Engine/Content/EditorMeshes/Camera/SM_RailRig_Mount.uasset" 175
"../../../Engine/Content/EditorMeshes/Camera/SM_RailRig_Track.uasset" 176
"../../../Engine/Content/EditorResources/BSPVertex.uasset" 177
"../../../Engine/Content/EditorResources/EmptyActor.uasset" 178
"../../../Engine/Content/EditorResources/S_Actor.uasset" 179
"../../../Engine/Content/EditorResources/S_Trigger.uasset" 180
"../../../Engine/Content/EditorResources/AudioIcons/S_AudioComponent.uasset" 181
"../../../Engine/Content/EditorResources/AudioIcons/S_AudioComponent_AutoActivate.uasset" 182
"../../../Engine/Content/EditorResources/LightIcons/S_LightError.uasset" 183
"../../../Engine/Content/EditorResources/SequenceRecorder/Countdown.uasset" 184
"../../../Engine/Content/EditorResources/SequenceRecorder/RecordingIndicator.uasset" 185
"../../../Engine/Content/EditorSounds/Notifications/CompileFailed.uasset" 186
"../../../Engine/Content/EditorSounds/Notifications/CompileFailed_Cue.uasset" 187
"../../../Engine/Content/EditorSounds/Notifications/CompileSuccess.uasset" 188
"../../../Engine/Content/EditorSounds/Notifications/CompileStart_Cue.uasset" 189
"../../../Engine/Content/EditorSounds/Notifications/CompileSuccess_Cue.uasset" 190
"../../../Engine/Content/EngineDamageTypes/DmgTypeBP_Environmental.uasset" 191
"../../../Engine/Content/EngineDebugMaterials/HeatmapGradient.uasset" 192
"../../../Engine/Content/EngineDebugMaterials/BoneWeightMaterial.uasset" 193
"../../../Engine/Content/EngineDebugMaterials/ClothMaterial.uasset" 194
"../../../Engine/Content/EngineDebugMaterials/ClothMaterial_WF.uasset" 195
"../../../Engine/Content/EngineDebugMaterials/DebugEditorMaterial.uasset" 196
"../../../Engine/Content/EngineDebugMaterials/DebugMeshMaterial.uasset" 197
"../../../Engine/Content/EngineDebugMaterials/GeomMaterial.uasset" 198
"../../../Engine/Content/EngineDebugMaterials/M_SimpleTranslucent.uasset" 199
"../../../Engine/Content/EngineFonts/Faces/RobotoBold.uasset" 200
"../../../Engine/Content/EngineFonts/Faces/RobotoBoldItalic.uasset" 201
"../../../Engine/Content/EngineFonts/Faces/RobotoItalic.uasset" 202
"../../../Engine/Content/EngineFonts/Faces/RobotoLight.uasset" 203
"../../../Engine/Content/EngineFonts/Faces/RobotoRegular.uasset" 204
"../../../Engine/Content/EngineFonts/Roboto.uasset" 205
"../../../Engine/Content/EngineFonts/Faces/RobotoTiny.uasset" 206
"../../../Engine/Content/EngineFonts/RobotoTiny.uasset" 207
"../../../Engine/Content/EngineMaterials/BaseFlattenDiffuseMap.uasset" 208
"../../../Engine/Content/EngineMaterials/BaseFlattenEmissiveMap.uasset" 209
"../../../Engine/Content/EngineMaterials/BaseFlattenGrayscaleMap.uasset" 210
"../../../Engine/Content/EngineMaterials/BaseFlattenNormalMap.uasset" 211
"../../../Engine/Content/EngineMaterials/BaseFlattenMaterial.uasset" 212
"../../../Engine/Content/EngineMaterials/DefaultBloomKernel.uasset" 213
"../../../Engine/Content/EngineMaterials/DefaultBokeh.uasset" 214
"../../../Engine/Content/EngineMaterials/DefaultDiffuse.uasset" 215
"../../../Engine/Content/EngineMaterials/DefaultDeferredDecalMaterial.uasset" 216
"../../../Engine/Content/EngineMaterials/DefaultLightFunctionMaterial.uasset" 217
"../../../Engine/Content/EngineMaterials/DefaultPhysicalMaterial.uasset" 218
"../../../Engine/Content/EngineMaterials/DefaultPostProcessMaterial.uasset" 219
"../../../Engine/Content/EngineFonts/RobotoDistanceField.uasset" 220
"../../../Engine/Content/EngineMaterials/DefaultTextMaterialOpaque.uasset" 221
"../../../Engine/Content/EngineMaterials/DefaultWhiteGrid.uasset" 222
"../../../Engine/Content/EngineMaterials/EditorBrushMaterial.uasset" 223
"../../../Engine/Content/EngineMaterials/MiniFont.uasset" 224
"../../../Engine/Content/EngineMaterials/InvalidLightmapSettings.uasset" 225
"../../../Engine/Content/EngineMaterials/M_InvalidLightmapSettings.uasset" 226
"../../../Engine/Content/Functions/Engine_MaterialFunctions02/WorldPositionOffset/CameraOffset.uasset" 227
"../../../Engine/Content/EngineMaterials/PhAT_JointLimitMaterial.uasset" 228
"../../../Engine/Content/EngineMaterials/PreintegratedSkinBRDF.uasset" 229
"../../../Engine/Content/EngineMaterials/RemoveSurfaceMaterial.uasset" 230
"../../../Engine/Content/EngineMaterials/WeightMapPlaceholderTexture.uasset" 231
"../../../Engine/Content/EngineResources/WhiteSquareTexture.uasset" 232
"../../../Engine/Content/EngineMaterials/Widget3DPassThrough.uasset" 233
"../../../Engine/Content/EngineMaterials/Widget3DPassThrough_Masked.uasset" 234
"../../../Engine/Content/EngineMaterials/Widget3DPassThrough_Opaque.uasset" 235
"../../../Engine/Content/EngineMaterials/Widget3DPassThrough_Masked_OneSided.uasset" 236
"../../../Engine/Content/EngineMaterials/Widget3DPassThrough_Opaque_OneSided.uasset" 237
"../../../Engine/Content/EngineMaterials/Widget3DPassThrough_Translucent.uasset" 238
"../../../Engine/Content/EngineMaterials/Widget3DPassThrough_Translucent_OneSided.uasset" 239
"../../../Engine/Content/EngineMeshes/Cylinder.uasset" 240
"../../../Engine/Content/EngineMeshes/Sphere.uasset" 241
"../../../Engine/Content/EngineResources/Black.uasset" 242
"../../../Engine/Content/EngineResources/DefaultTexture.uasset" 243
"../../../Engine/Content/EngineResources/DefaultTextureCube.uasset" 244
"../../../Engine/Content/EngineResources/DefaultVolumeTexture2D.uasset" 245
"../../../Engine/Content/EngineResources/DefaultVolumeTexture.uasset" 246
"../../../Engine/Content/EngineResources/GradientTexture0.uasset" 247
"../../../Engine/Content/EngineSounds/Master.uasset" 248
"../../../Engine/Content/Functions/Engine_MaterialFunctions01/Shading/ConvertFromDiffSpec.uasset" 249
"../../../Engine/Content/Functions/Engine_MaterialFunctions01/Shading/PowerToRoughness.uasset" 250
"../../../Engine/Content/Maps/Templates/Thumbnails/Default.uasset" 251
"../../../Engine/Content/Maps/Templates/Thumbnails/VR-Basic.uasset" 252
"../../../Engine/Content/MobileResources/T_MobileControls_texture.uasset" 253
"../../../Engine/Content/MobileResources/T_MobileMenu2.uasset" 254
"../../../Engine/Content/MobileResources/HUD/AnalogHat.uasset" 255
"../../../Engine/Content/MobileResources/HUD/VirtualJoystick_Background.uasset" 256
"../../../Engine/Content/MobileResources/HUD/VirtualJoystick_Thumb.uasset" 257
"../../../Engine/Content/MobileResources/HUD/DefaultVirtualJoysticks.uasset" 258
"../../../Engine/Content/MobileResources/HUD/LeftVirtualJoystickOnly.uasset" 259
"../../../Engine/Content/MobileResources/HUD/MobileHUDButton1_off.uasset" 260
"../../../Engine/Content/MobileResources/HUD/MobileHUDButton1_on.uasset" 261
"../../../Engine/Content/MobileResources/HUD/MobileHUDButton2_off.uasset" 262
"../../../Engine/Content/MobileResources/HUD/MobileHUDButton2_on.uasset" 263
"../../../Engine/Content/MobileResources/HUD/MobileHUDButton3.uasset" 264
"../../../Engine/Content/MobileResources/HUD/MobileHUDButtonFire.uasset" 265
"../../../Engine/Content/MobileResources/HUD/MobileHUDDirectionPad.uasset" 266
"../../../Engine/Content/MobileResources/HUD/MobileHUDDirectionPad2.uasset" 267
"../../../Engine/Content/MobileResources/HUD/MobileHUDDirectionPad3.uasset" 268
"../../../Engine/Content/MobileResources/HUD/MobileHUDDirectionStick.uasset" 269
"../../../Engine/Content/MobileResources/HUD/T_Castle_ThumbstickInner.uasset" 270
"../../../Engine/Content/MobileResources/HUD/T_Castle_ThumbstickOutter.uasset" 271
"../../../Engine/Content/Tutorial/ContentIntroCurve.uasset" 272
"../../../Engine/Content/Tutorial/BlueprintTutorials/TutorialAssets/Blueprint_64x.uasset" 273
"../../../Engine/Content/Tutorial/Landscape/TutorialAssets/Landscape.uasset" 274
"../../../Engine/Content/Tutorial/Mobile/TutorialAssets/android_Icon.uasset" 275
"../../../Engine/Content/VREditor/LaserPointer/VR_LaserPower_01.uasset" 276
"../../../Engine/Content/VREditor/TransformGizmo/TransformGizmoMaterial.uasset" 277
"../../../Engine/Content/VREditor/TransformGizmo/TranslucentTransformGizmoMaterial.uasset" 278
"../../../Engine/Content/VREditor/TransformGizmo/BoundingBoxCorner.uasset" 279
"../../../Engine/Content/VREditor/TransformGizmo/BoundingBoxEdge.uasset" 280
"../../../Engine/Content/VREditor/TransformGizmo/PlaneTranslationHandle.uasset" 281
"../../../Engine/Content/VREditor/TransformGizmo/Main.uasset" 282
"../../../Engine/Content/VREditor/TransformGizmo/Xray.uasset" 283
"../../../Engine/Content/VREditor/TransformGizmo/SM_Sequencer_Key.uasset" 284
"../../../Engine/Content/VREditor/TransformGizmo/SM_Sequencer_Node.uasset" 285
"../../Plugins/2D/Paper2D/Content/PlaceholderTextures/DummySpriteTexture.uasset" 286
"../../Plugins/2D/Paper2D/Content/DummySprite.uasset" 287
"../../Plugins/2D/Paper2D/Content/DefaultPaperTerrainMaterial.uasset" 288
"../../Plugins/2D/Paper2D/Content/DefaultSpriteMaterial.uasset" 289
"../../Plugins/2D/Paper2D/Content/MaskedUnlitSpriteMaterial.uasset" 290
"../../Plugins/2D/Paper2D/Content/OpaqueUnlitSpriteMaterial.uasset" 291
"../../Plugins/Runtime/Oculus/OculusVR/Content/Materials/PokeAHoleMaterial.uasset" 292
"../../Plugins/Runtime/Oculus/OculusVR/Content/Textures/GearVRController_AO.uasset" 293
"../../Plugins/Runtime/Oculus/OculusVR/Content/Textures/GearVRController_Color.uasset" 294
"../../Plugins/Runtime/Oculus/OculusVR/Content/Textures/GearVRController_Normal.uasset" 295
"../../Plugins/Runtime/Oculus/OculusVR/Content/Materials/GearVRControllerMaterial.uasset" 296
"../../Plugins/Runtime/Oculus/OculusVR/Content/Meshes/GearVrController.uasset" 297
"../../Plugins/Runtime/Oculus/OculusVR/Content/Textures/touchController_albedo.uasset" 298
"../../Plugins/Runtime/Oculus/OculusVR/Content/Textures/touchController_controlmap.uasset" 299
"../../Plugins/Runtime/Oculus/OculusVR/Content/Materials/touchController_mat.uasset" 300
"../../Plugins/Runtime/Oculus/OculusVR/Content/Meshes/LeftTouchController.uasset" 301
"../../Plugins/Runtime/Oculus/OculusVR/Content/Meshes/RiftHMD.uasset" 302
"../../Plugins/Runtime/Oculus/OculusVR/Content/Meshes/RightTouchController.uasset" 303
"../../../../../../MyProjects/Pingu/PinguShooter/Content/Textures/Fish_Color.uasset" 304
"../../../../../../MyProjects/Pingu/PinguShooter/Content/Materials/Fish/M_Fish.uasset" 305
"../../../../../../MyProjects/Pingu/PinguShooter/Content/Meshes/Fish/Fish_PhysicsAsset.uasset" 306
"../../../../../../MyProjects/Pingu/PinguShooter/Content/Meshes/Fish/Fish_Skeleton.uasset" 307
"../../../../../../MyProjects/Pingu/PinguShooter/Content/Meshes/Fish/Fish.uasset" 308
"../../../../../../MyProjects/Pingu/PinguShooter/Content/Blueprints/BP_Projectile.uasset" 309
"../../../../../../MyProjects/Pingu/PinguShooter/Content/StarterContent/Textures/T_MacroVariation.uasset" 310
"../../../../../../MyProjects/Pingu/PinguShooter/Content/StarterContent/Textures/T_Metal_Steel_D.uasset" 311
"../../../../../../MyProjects/Pingu/PinguShooter/Content/StarterContent/Textures/T_Metal_Steel_N.uasset" 312
"../../../../../../MyProjects/Pingu/PinguShooter/Content/StarterContent/Materials/M_Metal_Steel.uasset" 313
"../../../../../../MyProjects/Pingu/PinguShooter/Content/Meshes/Boat/Boat_Cube_001_PhysicsAsset.uasset" 314
"../../../../../../MyProjects/Pingu/PinguShooter/Content/Meshes/Boat/Boat_Cube_001_Skeleton.uasset" 315
"../../../../../../MyProjects/Pingu/PinguShooter/Content/Meshes/Boat/Boat_Cube_002_PhysicsAsset.uasset" 316
"../../../../../../MyProjects/Pingu/PinguShooter/Content/Meshes/Boat/Boat_Cube_002_Skeleton.uasset" 317
"../../../../../../MyProjects/Pingu/PinguShooter/Content/Meshes/Boat/Boat_Cube_PhysicsAsset.uasset" 318
"../../../../../../MyProjects/Pingu/PinguShooter/Content/Meshes/Boat/Boat_Cube_Skeleton.uasset" 319
"../../../../../../MyProjects/Pingu/PinguShooter/Content/Meshes/Boat/Boat_Cylinder_PhysicsAsset.uasset" 320
"../../../../../../MyProjects/Pingu/PinguShooter/Content/Meshes/Boat/Boat_Cylinder_Skeleton.uasset" 321
"../../../../../../MyProjects/Pingu/PinguShooter/Content/Meshes/Boat/Boat.uasset" 322
"../../../../../../MyProjects/Pingu/PinguShooter/Content/Sounds/Shoot.uasset" 323
"../../../../../../MyProjects/Pingu/PinguShooter/Content/Sounds/Shoot_Cue.uasset" 324
"../../../../../../MyProjects/Pingu/PinguShooter/Content/Blueprints/BP_Player.uasset" 325
"../../../../../../MyProjects/Pingu/PinguShooter/Content/Blueprints/WBP_LoseScreen.uasset" 326
"../../../../../../MyProjects/Pingu/PinguShooter/Content/Blueprints/WBP_WinScreen.uasset" 327
"../../../../../../MyProjects/Pingu/PinguShooter/Content/Blueprints/BP_GameMode.uasset" 328
"../../../../../../MyProjects/Pingu/PinguShooter/Content/animation/Pingu_Arm_R_Anim_Armature_002_Armature_002Action.uasset" 329
"../../../../../../MyProjects/Pingu/PinguShooter/Content/animation/Pingu_Arm_R_Anim_Armature_002_ArmatureAction.uasset" 330
"../../../../../../MyProjects/Pingu/PinguShooter/Content/animation/Pingu_Body_Anim_Armature_001_Armature_001Action.uasset" 331
"../../../Engine/Content/BasicShapes/BasicShapeMaterial.uasset" 332
"../../../Engine/Content/BasicShapes/Cube.uasset" 333
"../../../../../../MyProjects/Pingu/PinguShooter/Content/Meshes/Pinguin/Pingu_Arm_R.uasset" 334
"../../../../../../MyProjects/Pingu/PinguShooter/Content/Meshes/Pinguin/Pingu_Body_PhysicsAsset.uasset" 335
"../../../../../../MyProjects/Pingu/PinguShooter/Content/Meshes/Pinguin/Pingu_Body.uasset" 336
"../../../../../../MyProjects/Pingu/PinguShooter/Content/StarterContent/Shapes/Shape_NarrowCapsule.uasset" 337
"../../../../../../MyProjects/Pingu/PinguShooter/Content/Blueprints/BP_Pinguin.uasset" 338
"../../../../../../MyProjects/Pingu/PinguShooter/Content/Sounds/WaterDrop__1_.uasset" 339
"../../../../../../MyProjects/Pingu/PinguShooter/Content/Sounds/WaterDrop__1__Cue.uasset" 340
"../../../../../../MyProjects/Pingu/PinguShooter/Content/Blueprints/BP_DestroyZone.uasset" 341
"../../../../../../MyProjects/Pingu/PinguShooter/Content/Blueprints/BP_FishSpawner.uasset" 342
"../../../Engine/Content/MapTemplates/TilingNoise05.uasset" 343
"../../../../../../MyProjects/Pingu/PinguShooter/Content/Materials/Ice/Rock_N_T.uasset" 344
"../../../../../../MyProjects/Pingu/PinguShooter/Content/Materials/Ice/M_Ice.uasset" 345
"../../../../../../MyProjects/Pingu/PinguShooter/Content/Materials/Ice/M_Ice_Inst.uasset" 346
"../../../../../../MyProjects/Pingu/PinguShooter/Content/Meshes/IcePlattform/IcePlatform.uasset" 347
"../../../../../../MyProjects/Pingu/PinguShooter/Content/Blueprints/BP_IcePlattform.uasset" 348
"../../../../../../MyProjects/Pingu/PinguShooter/Content/Maps/Level_01_BuiltData.uasset" 349
"../../../Engine/Content/Functions/Engine_MaterialFunctions02/Math/AddComponents.uasset" 350
"../../../Engine/Content/Functions/Engine_MaterialFunctions02/Texturing/ScreenAlignedPixelToPixelUVs.uasset" 351
"../../../Engine/Content/EngineMaterials/Good64x64TilingNoiseHighFreq.uasset" 352
"../../../Engine/Content/Functions/Engine_MaterialFunctions02/Utility/DitherTemporalAA.uasset" 353
"../../../../../../MyProjects/Pingu/PinguShooter/Content/Materials/PostProcess/M_CelShader.uasset" 354
"../../../Engine/Content/Functions/Engine_MaterialFunctions01/Texturing/FlattenNormal.uasset" 355
"../../../Engine/Content/Functions/Engine_MaterialFunctions02/Math/Pi.uasset" 356
"../../../Engine/Content/Functions/Engine_MaterialFunctions02/Utility/MakeFloat3.uasset" 357
"../../../../../../MyProjects/Pingu/PinguShooter/Content/Materials/Water/gerstner_function.uasset" 358
"../../../Engine/Content/MapTemplates/Sky/Desert_Outer_HDR.uasset" 359
"../../../../../../MyProjects/Pingu/PinguShooter/Content/Materials/Water/fiber.uasset" 360
"../../../../../../MyProjects/Pingu/PinguShooter/Content/Materials/Water/perlin2.uasset" 361
"../../../../../../MyProjects/Pingu/PinguShooter/Content/StarterContent/Textures/T_CobbleStone_Pebble_N.uasset" 362
"../../../../../../MyProjects/Pingu/PinguShooter/Content/StarterContent/Textures/T_Ground_Gravel_N.uasset" 363
"../../../../../../MyProjects/Pingu/PinguShooter/Content/StarterContent/Textures/T_Perlin_Noise_M.uasset" 364
"../../../../../../MyProjects/Pingu/PinguShooter/Content/StarterContent/Textures/T_Water_M.uasset" 365
"../../../../../../MyProjects/Pingu/PinguShooter/Content/StarterContent/Textures/T_Water_N.uasset" 366
"../../../../../../MyProjects/Pingu/PinguShooter/Content/Materials/Water/M_River.uasset" 367
"../../../../../../MyProjects/Pingu/PinguShooter/Content/Materials/Ice/M_Ice_Inst1.uasset" 368
"../../../Engine/Content/BasicShapes/Plane.uasset" 369
"../../../Engine/Content/Functions/Engine_MaterialFunctions02/SmoothThreshold.uasset" 370
"../../../../../../MyProjects/Pingu/PinguShooter/Content/Materials/HUD/FishIcon.uasset" 371
"../../../../../../MyProjects/Pingu/PinguShooter/Content/Materials/HUD/FishIcon-ConvertImage.uasset" 372
"../../../../../../MyProjects/Pingu/PinguShooter/Content/Materials/HUD/Fish_Icon.uasset" 373
"../../../../../../MyProjects/Pingu/PinguShooter/Content/Blueprints/WBP_HUD.uasset" 374
"../../../../../../MyProjects/Pingu/PinguShooter/Content/Meshes/IceRock/IceRock.uasset" 375
"../../../../../../MyProjects/Pingu/PinguShooter/Content/Meshes/WaterPlane/WaterPlane.uasset" 376
"../../../../../../MyProjects/Pingu/PinguShooter/Content/Textures/snowflake.uasset" 377
"../../../../../../MyProjects/Pingu/PinguShooter/Content/Materials/Snow/M_Snow.uasset" 378
"../../../../../../MyProjects/Pingu/PinguShooter/Content/Particles/P_Snow.uasset" 379
"../../../../../../MyProjects/Pingu/PinguShooter/Content/Particles/WaterFall_splash4.uasset" 380
"../../../../../../MyProjects/Pingu/PinguShooter/Content/Sounds/ArcticWind.uasset" 381
"../../../../../../MyProjects/Pingu/PinguShooter/Content/Sounds/ArcticWind_Cue.uasset" 382
"../../../../../../MyProjects/Pingu/PinguShooter/Content/Sounds/Ocean__1_.uasset" 383
"../../../../../../MyProjects/Pingu/PinguShooter/Content/Sounds/Ocean__1__Cue.uasset" 384
"../../../../../../MyProjects/Pingu/PinguShooter/Content/Sounds/PinguinSounds.uasset" 385
"../../../../../../MyProjects/Pingu/PinguShooter/Content/Sounds/PinguinSounds_Cue.uasset" 386
"../../../../../../MyProjects/Pingu/PinguShooter/Content/Sounds/The_Builder.uasset" 387
"../../../../../../MyProjects/Pingu/PinguShooter/Content/Sounds/The_Builder_Cue.uasset" 388
"../../../../../../MyProjects/Pingu/PinguShooter/Content/Maps/Level_01.umap" 389
"../../../../../../MyProjects/Pingu/PinguShooter/Content/Materials/Menu/M_MenuBackGround.uasset" 390
"../../../../../../MyProjects/Pingu/PinguShooter/Content/Blueprints/WBP_MainMenu.uasset" 391
"../../../../../../MyProjects/Pingu/PinguShooter/Content/Maps/MainMenu.umap" 392
"../../../../../../MyProjects/Pingu/PinguShooter/Content/StarterContent/Blueprints/Assets/FogBrightnessLUT.uasset" 393
"../../../../../../MyProjects/Pingu/PinguShooter/Content/StarterContent/Blueprints/Assets/SunlightColorLUT.uasset" 394
"../../../../../../MyProjects/Pingu/PinguShooter/Content/StarterContent/Blueprints/Assets/M_LightStage_Arrows.uasset" 395
"../../../Engine/Content/MapTemplates/Sky/DaylightAmbientCubemap.uasset" 396
"../../../../../../MyProjects/Pingu/PinguShooter/Content/StarterContent/Blueprints/Assets/M_LightStage_Skybox_Master.uasset" 397
"../../../../../../MyProjects/Pingu/PinguShooter/Content/StarterContent/Blueprints/Assets/M_LightStage_Skybox_Black.uasset" 398
"../../../../../../MyProjects/Pingu/PinguShooter/Content/StarterContent/Blueprints/Assets/M_LightStage_Skybox_HDRI.uasset" 399
"../../../Engine/Content/EditorMaterials/Thumbnails/SkySphereMaterial.uasset" 400
"../../../../../../MyProjects/Pingu/PinguShooter/Content/StarterContent/Blueprints/Assets/Skybox.uasset" 401
"../../../../../../MyProjects/Pingu/PinguShooter/Content/StarterContent/Blueprints/Assets/SM_Arrows.uasset" 402
"../../../../../../MyProjects/Pingu/PinguShooter/Content/StarterContent/HDRI/HDRI_Epic_Courtyard_Daylight.uasset" 403
"../../../../../../MyProjects/Pingu/PinguShooter/Content/StarterContent/Blueprints/BP_LightStudio.uasset" 404
"../../../../../../MyProjects/Pingu/PinguShooter/Content/StarterContent/Maps/Advanced_Lighting_BuiltData.uasset" 405
"../../../../../../MyProjects/Pingu/PinguShooter/Content/StarterContent/Materials/M_AssetPlatform.uasset" 406
"../../../Engine/Content/EditorMeshes/ColorCalibrator/M_ChromeBall.uasset" 407
"../../../Engine/Content/EditorMeshes/ColorCalibrator/M_ClearCoat.uasset" 408
"../../../Engine/Content/EditorMeshes/ColorCalibrator/M_ClearCoatBlack.uasset" 409
"../../../Engine/Content/EditorMeshes/ColorCalibrator/Color_checker.uasset" 410
"../../../Engine/Content/EditorMeshes/ColorCalibrator/M_ColorGrid.uasset" 411
"../../../Engine/Content/EditorMeshes/ColorCalibrator/M_GreyBall.uasset" 412
"../../../Engine/Content/EditorMeshes/ColorCalibrator/SM_ColorCalibrator.uasset" 413
"../../../../../../MyProjects/Pingu/PinguShooter/Content/StarterContent/Architecture/SM_AssetPlatform.uasset" 414
"../../../../../../MyProjects/Pingu/PinguShooter/Content/StarterContent/Maps/Advanced_Lighting.umap" 415
"../../../Engine/Content/EditorBlueprintResources/StandardMacros.uasset" 416
"../../../Engine/Content/EngineSky/C_Sky_Cloud_Color.uasset" 417
"../../../Engine/Content/EngineSky/C_Sky_Horizon_Color.uasset" 418
"../../../Engine/Content/EngineSky/C_Sky_Zenith_Color.uasset" 419
"../../../Engine/Content/EngineSky/T_Sky_Blue.uasset" 420
"../../../Engine/Content/EngineSky/T_Sky_Clouds_M.uasset" 421
"../../../Engine/Content/EngineSky/T_Sky_Stars.uasset" 422
"../../../Engine/Content/EngineSky/M_Sky_Panning_Clouds2.uasset" 423
"../../../Engine/Content/EngineSky/SM_SkySphere.uasset" 424
"../../../Engine/Content/EngineSky/BP_Sky_Sphere.uasset" 425
"../../../../../../MyProjects/Pingu/PinguShooter/Content/StarterContent/Maps/Minimal_Default_BuiltData.uasset" 426
"../../../../../../MyProjects/Pingu/PinguShooter/Content/StarterContent/Materials/M_Metal_Brushed_Nickel.uasset" 427
"../../../../../../MyProjects/Pingu/PinguShooter/Content/StarterContent/Textures/T_Metal_Aluminum_D.uasset" 428
"../../../../../../MyProjects/Pingu/PinguShooter/Content/StarterContent/Textures/T_Metal_Gold_N.uasset" 429
"../../../../../../MyProjects/Pingu/PinguShooter/Content/StarterContent/Materials/M_Metal_Burnished_Steel.uasset" 430
"../../../../../../MyProjects/Pingu/PinguShooter/Content/StarterContent/Textures/T_Metal_Copper_D.uasset" 431
"../../../../../../MyProjects/Pingu/PinguShooter/Content/StarterContent/Materials/M_Metal_Copper.uasset" 432
"../../../../../../MyProjects/Pingu/PinguShooter/Content/StarterContent/Textures/T_Statue_M.uasset" 433
"../../../../../../MyProjects/Pingu/PinguShooter/Content/StarterContent/Textures/T_Statue_N.uasset" 434
"../../../../../../MyProjects/Pingu/PinguShooter/Content/StarterContent/Props/Materials/M_StatueGlass.uasset" 435
"../../../../../../MyProjects/Pingu/PinguShooter/Content/StarterContent/Architecture/Floor_400x400.uasset" 436
"../../../../../../MyProjects/Pingu/PinguShooter/Content/StarterContent/Audio/Starter_Background_Cue.uasset" 437
"../../../../../../MyProjects/Pingu/PinguShooter/Content/StarterContent/Props/SM_Chair.uasset" 438
"../../../../../../MyProjects/Pingu/PinguShooter/Content/StarterContent/Props/Materials/M_Statue.uasset" 439
"../../../../../../MyProjects/Pingu/PinguShooter/Content/StarterContent/Props/SM_Statue.uasset" 440
"../../../../../../MyProjects/Pingu/PinguShooter/Content/StarterContent/Textures/T_TableRound_M.uasset" 441
"../../../../../../MyProjects/Pingu/PinguShooter/Content/StarterContent/Textures/T_TableRound_N.uasset" 442
"../../../../../../MyProjects/Pingu/PinguShooter/Content/StarterContent/Props/Materials/M_TableRound.uasset" 443
"../../../../../../MyProjects/Pingu/PinguShooter/Content/StarterContent/Props/SM_TableRound.uasset" 444
"../../../../../../MyProjects/Pingu/PinguShooter/Content/StarterContent/Maps/Minimal_Default.umap" 445
"../../../../../../MyProjects/Pingu/PinguShooter/Content/StarterContent/Audio/Fire01_Cue.uasset" 446
"../../../../../../MyProjects/Pingu/PinguShooter/Content/StarterContent/Textures/T_Fire_SubUV.uasset" 447
"../../../../../../MyProjects/Pingu/PinguShooter/Content/StarterContent/Textures/T_Fire_Tiled_D.uasset" 448
"../../../../../../MyProjects/Pingu/PinguShooter/Content/StarterContent/Particles/Materials/M_Fire_SubUV.uasset" 449
"../../../../../../MyProjects/Pingu/PinguShooter/Content/StarterContent/Particles/Materials/M_Heat_Distortion.uasset" 450
"../../../../../../MyProjects/Pingu/PinguShooter/Content/StarterContent/Particles/Materials/M_Radial_Gradient.uasset" 451
"../../../../../../MyProjects/Pingu/PinguShooter/Content/StarterContent/Particles/P_Fire.uasset" 452
"../../../../../../MyProjects/Pingu/PinguShooter/Content/StarterContent/Blueprints/Blueprint_Effect_Fire.uasset" 453
"../../../../../../MyProjects/Pingu/PinguShooter/Content/StarterContent/Audio/Smoke01_Cue.uasset" 454
"../../../../../../MyProjects/Pingu/PinguShooter/Content/StarterContent/Particles/P_Smoke.uasset" 455
"../../../../../../MyProjects/Pingu/PinguShooter/Content/StarterContent/Blueprints/Blueprint_Effect_Smoke.uasset" 456
"../../../../../../MyProjects/Pingu/PinguShooter/Content/StarterContent/Audio/Fire_Sparks01_Cue.uasset" 457
"../../../../../../MyProjects/Pingu/PinguShooter/Content/StarterContent/Textures/T_Spark_Core.uasset" 458
"../../../../../../MyProjects/Pingu/PinguShooter/Content/StarterContent/Particles/Materials/M_Spark.uasset" 459
"../../../../../../MyProjects/Pingu/PinguShooter/Content/StarterContent/Particles/P_Sparks.uasset" 460
"../../../../../../MyProjects/Pingu/PinguShooter/Content/StarterContent/Blueprints/Blueprint_Effect_Sparks.uasset" 461
"../../../../../../MyProjects/Pingu/PinguShooter/Content/StarterContent/Audio/Steam01_Cue.uasset" 462
"../../../../../../MyProjects/Pingu/PinguShooter/Content/StarterContent/Particles/P_Steam_Lit.uasset" 463
"../../../../../../MyProjects/Pingu/PinguShooter/Content/StarterContent/Blueprints/Blueprint_Effect_Steam.uasset" 464
"../../../../../../MyProjects/Pingu/PinguShooter/Content/StarterContent/Textures/T_Lamp_M.uasset" 465
"../../../../../../MyProjects/Pingu/PinguShooter/Content/StarterContent/Textures/T_Lamp_N.uasset" 466
"../../../../../../MyProjects/Pingu/PinguShooter/Content/StarterContent/Props/Materials/M_Lamp.uasset" 467
"../../../../../../MyProjects/Pingu/PinguShooter/Content/StarterContent/Props/SM_Lamp_Ceiling.uasset" 468
"../../../../../../MyProjects/Pingu/PinguShooter/Content/StarterContent/Blueprints/Blueprint_CeilingLight.uasset" 469
"../../../../../../MyProjects/Pingu/PinguShooter/Content/StarterContent/Props/SM_Lamp_Wall.uasset" 470
"../../../../../../MyProjects/Pingu/PinguShooter/Content/StarterContent/Blueprints/Blueprint_WallSconce.uasset" 471
"../../../../../../MyProjects/Pingu/PinguShooter/Content/StarterContent/Maps/StarterMap_BuiltData.uasset" 472
"../../../Engine/Content/Functions/Engine_MaterialFunctions03/Procedurals/ComputeFilterWidth.uasset" 473
"../../../Engine/Content/EngineMaterials/AntiAliasedTextMaterialTranslucent.uasset" 474
"../../../../../../MyProjects/Pingu/PinguShooter/Content/StarterContent/Textures/T_Brick_Clay_Beveled_D.uasset" 475
"../../../../../../MyProjects/Pingu/PinguShooter/Content/StarterContent/Textures/T_Brick_Clay_Beveled_M.uasset" 476
"../../../../../../MyProjects/Pingu/PinguShooter/Content/StarterContent/Textures/T_Brick_Clay_Beveled_N.uasset" 477
"../../../../../../MyProjects/Pingu/PinguShooter/Content/StarterContent/Materials/M_Brick_Clay_Beveled.uasset" 478
"../../../../../../MyProjects/Pingu/PinguShooter/Content/StarterContent/Textures/T_Brick_Clay_New_D.uasset" 479
"../../../../../../MyProjects/Pingu/PinguShooter/Content/StarterContent/Textures/T_Brick_Clay_New_M.uasset" 480
"../../../../../../MyProjects/Pingu/PinguShooter/Content/StarterContent/Textures/T_Brick_Clay_New_N.uasset" 481
"../../../../../../MyProjects/Pingu/PinguShooter/Content/StarterContent/Materials/M_Brick_Clay_New.uasset" 482
"../../../../../../MyProjects/Pingu/PinguShooter/Content/StarterContent/Textures/T_Brick_Clay_Old_D.uasset" 483
"../../../../../../MyProjects/Pingu/PinguShooter/Content/StarterContent/Textures/T_Brick_Clay_Old_N.uasset" 484
"../../../../../../MyProjects/Pingu/PinguShooter/Content/StarterContent/Materials/M_Brick_Clay_Old.uasset" 485
"../../../../../../MyProjects/Pingu/PinguShooter/Content/StarterContent/Textures/T_Brick_Cut_Stone_D.uasset" 486
"../../../../../../MyProjects/Pingu/PinguShooter/Content/StarterContent/Textures/T_Brick_Cut_Stone_N.uasset" 487
"../../../../../../MyProjects/Pingu/PinguShooter/Content/StarterContent/Materials/M_Brick_Cut_Stone.uasset" 488
"../../../../../../MyProjects/Pingu/PinguShooter/Content/StarterContent/Textures/T_Brick_Hewn_Stone_D.uasset" 489
"../../../../../../MyProjects/Pingu/PinguShooter/Content/StarterContent/Textures/T_Brick_Hewn_Stone_M.uasset" 490
"../../../../../../MyProjects/Pingu/PinguShooter/Content/StarterContent/Textures/T_Brick_Hewn_Stone_N.uasset" 491
"../../../../../../MyProjects/Pingu/PinguShooter/Content/StarterContent/Materials/M_Brick_Hewn_Stone.uasset" 492
"../../../../../../MyProjects/Pingu/PinguShooter/Content/StarterContent/Textures/T_Ceramic_Tile_M.uasset" 493
"../../../../../../MyProjects/Pingu/PinguShooter/Content/StarterContent/Textures/T_Ceramic_Tile_N.uasset" 494
"../../../../../../MyProjects/Pingu/PinguShooter/Content/StarterContent/Textures/T_Rock_Marble_Polished_D.uasset" 495
"../../../../../../MyProjects/Pingu/PinguShooter/Content/StarterContent/Materials/M_Ceramic_Tile_Checker.uasset" 496
"../../../../../../MyProjects/Pingu/PinguShooter/Content/StarterContent/Textures/T_CobbleStone_Pebble_D.uasset" 497
"../../../../../../MyProjects/Pingu/PinguShooter/Content/StarterContent/Textures/T_CobbleStone_Pebble_M.uasset" 498
"../../../../../../MyProjects/Pingu/PinguShooter/Content/StarterContent/Materials/M_CobbleStone_Pebble.uasset" 499
"../../../../../../MyProjects/Pingu/PinguShooter/Content/StarterContent/Textures/T_CobbleStone_Rough_D.uasset" 500
"../../../../../../MyProjects/Pingu/PinguShooter/Content/StarterContent/Textures/T_CobbleStone_Rough_N.uasset" 501
"../../../../../../MyProjects/Pingu/PinguShooter/Content/StarterContent/Textures/T_Gradinet_01.uasset" 502
"../../../../../../MyProjects/Pingu/PinguShooter/Content/StarterContent/Textures/T_Rock_Smooth_Granite_D.uasset" 503
"../../../../../../MyProjects/Pingu/PinguShooter/Content/StarterContent/Materials/M_CobbleStone_Rough.uasset" 504
"../../../../../../MyProjects/Pingu/PinguShooter/Content/StarterContent/Textures/T_CobbleStone_Smooth_D.uasset" 505
"../../../../../../MyProjects/Pingu/PinguShooter/Content/StarterContent/Textures/T_CobbleStone_Smooth_M.uasset" 506
"../../../../../../MyProjects/Pingu/PinguShooter/Content/StarterContent/Textures/T_CobbleStone_Smooth_N.uasset" 507
"../../../../../../MyProjects/Pingu/PinguShooter/Content/StarterContent/Materials/M_CobbleStone_Smooth.uasset" 508
"../../../../../../MyProjects/Pingu/PinguShooter/Content/StarterContent/Textures/T_Concrete_Grime_D.uasset" 509
"../../../../../../MyProjects/Pingu/PinguShooter/Content/StarterContent/Textures/T_Metal_Rust_N.uasset" 510
"../../../../../../MyProjects/Pingu/PinguShooter/Content/StarterContent/Materials/M_Concrete_Grime.uasset" 511
"../../../../../../MyProjects/Pingu/PinguShooter/Content/StarterContent/Textures/T_Concrete_Panels_D.uasset" 512
"../../../../../../MyProjects/Pingu/PinguShooter/Content/StarterContent/Textures/T_Concrete_Panels_N.uasset" 513
"../../../../../../MyProjects/Pingu/PinguShooter/Content/StarterContent/Materials/M_Concrete_Panels.uasset" 514
"../../../../../../MyProjects/Pingu/PinguShooter/Content/StarterContent/Textures/T_Concrete_Poured_D.uasset" 515
"../../../../../../MyProjects/Pingu/PinguShooter/Content/StarterContent/Textures/T_Concrete_Poured_N.uasset" 516
"../../../../../../MyProjects/Pingu/PinguShooter/Content/StarterContent/Materials/M_Concrete_Poured.uasset" 517
"../../../../../../MyProjects/Pingu/PinguShooter/Content/StarterContent/Textures/T_Concrete_Tiles_D.uasset" 518
"../../../../../../MyProjects/Pingu/PinguShooter/Content/StarterContent/Textures/T_Concrete_Tiles_M.uasset" 519
"../../../../../../MyProjects/Pingu/PinguShooter/Content/StarterContent/Textures/T_Concrete_Tiles_N.uasset" 520
"../../../../../../MyProjects/Pingu/PinguShooter/Content/StarterContent/Textures/T_Concrete_Tiles_Variation_M.uasset" 521
"../../../../../../MyProjects/Pingu/PinguShooter/Content/StarterContent/Materials/M_Concrete_Tiles.uasset" 522
"../../../../../../MyProjects/Pingu/PinguShooter/Content/StarterContent/Textures/T_Ground_Grass_D.uasset" 523
"../../../../../../MyProjects/Pingu/PinguShooter/Content/StarterContent/Textures/T_Ground_Grass_N.uasset" 524
"../../../../../../MyProjects/Pingu/PinguShooter/Content/StarterContent/Materials/M_Ground_Grass.uasset" 525
"../../../../../../MyProjects/Pingu/PinguShooter/Content/StarterContent/Textures/T_Ground_Gravel_D.uasset" 526
"../../../../../../MyProjects/Pingu/PinguShooter/Content/StarterContent/Materials/M_Ground_Gravel.uasset" 527
"../../../../../../MyProjects/Pingu/PinguShooter/Content/StarterContent/Textures/T_ground_Moss_D.uasset" 528
"../../../../../../MyProjects/Pingu/PinguShooter/Content/StarterContent/Textures/T_Ground_Moss_N.uasset" 529
"../../../../../../MyProjects/Pingu/PinguShooter/Content/StarterContent/Materials/M_Ground_Moss.uasset" 530
"../../../../../../MyProjects/Pingu/PinguShooter/Content/StarterContent/Materials/M_Metal_Chrome.uasset" 531
"../../../../../../MyProjects/Pingu/PinguShooter/Content/StarterContent/Textures/T_Metal_Gold_D.uasset" 532
"../../../../../../MyProjects/Pingu/PinguShooter/Content/StarterContent/Materials/M_Metal_Gold.uasset" 533
"../../../../../../MyProjects/Pingu/PinguShooter/Content/StarterContent/Textures/T_Metal_Rust_D.uasset" 534
"../../../../../../MyProjects/Pingu/PinguShooter/Content/StarterContent/Materials/M_Metal_Rust.uasset" 535
"../../../../../../MyProjects/Pingu/PinguShooter/Content/StarterContent/Textures/T_Rock_Basalt_N.uasset" 536
"../../../../../../MyProjects/Pingu/PinguShooter/Content/StarterContent/Materials/M_Rock_Basalt.uasset" 537
"../../../../../../MyProjects/Pingu/PinguShooter/Content/StarterContent/Materials/M_Rock_Marble_Polished.uasset" 538
"../../../../../../MyProjects/Pingu/PinguShooter/Content/StarterContent/Textures/T_Rock_Sandstone_D.uasset" 539
"../../../../../../MyProjects/Pingu/PinguShooter/Content/StarterContent/Textures/T_Rock_Sandstone_N.uasset" 540
"../../../../../../MyProjects/Pingu/PinguShooter/Content/StarterContent/Materials/M_Rock_Sandstone.uasset" 541
"../../../../../../MyProjects/Pingu/PinguShooter/Content/StarterContent/Textures/T_Rock_Slate_D.uasset" 542
"../../../../../../MyProjects/Pingu/PinguShooter/Content/StarterContent/Textures/T_Rock_Slate_N.uasset" 543
"../../../../../../MyProjects/Pingu/PinguShooter/Content/StarterContent/Materials/M_Rock_Slate.uasset" 544
"../../../../../../MyProjects/Pingu/PinguShooter/Content/StarterContent/Textures/T_Checker_Noise_M.uasset" 545
"../../../../../../MyProjects/Pingu/PinguShooter/Content/StarterContent/Textures/T_Single_Tile_N.uasset" 546
"../../../../../../MyProjects/Pingu/PinguShooter/Content/StarterContent/Textures/T_Tech_Dot_M.uasset" 547
"../../../../../../MyProjects/Pingu/PinguShooter/Content/StarterContent/Textures/T_Tech_Dot_N.uasset" 548
"../../../../../../MyProjects/Pingu/PinguShooter/Content/StarterContent/Materials/M_Tech_Checker_Dot.uasset" 549
"../../../../../../MyProjects/Pingu/PinguShooter/Content/StarterContent/Textures/T_Tech_Hex_Tile_M.uasset" 550
"../../../../../../MyProjects/Pingu/PinguShooter/Content/StarterContent/Textures/T_Tech_Hex_Tile_N.uasset" 551
"../../../../../../MyProjects/Pingu/PinguShooter/Content/StarterContent/Materials/M_Tech_Hex_Tile.uasset" 552
"../../../../../../MyProjects/Pingu/PinguShooter/Content/StarterContent/Materials/M_Tech_Hex_Tile_Pulse.uasset" 553
"../../../../../../MyProjects/Pingu/PinguShooter/Content/StarterContent/Textures/T_Tech_Panel_M.uasset" 554
"../../../../../../MyProjects/Pingu/PinguShooter/Content/StarterContent/Textures/T_Tech_Panel_N.uasset" 555
"../../../../../../MyProjects/Pingu/PinguShooter/Content/StarterContent/Materials/M_Tech_Panel.uasset" 556
"../../../../../../MyProjects/Pingu/PinguShooter/Content/StarterContent/Materials/M_Water_Lake.uasset" 557
"../../../../../../MyProjects/Pingu/PinguShooter/Content/StarterContent/Materials/M_Water_Ocean.uasset" 558
"../../../../../../MyProjects/Pingu/PinguShooter/Content/StarterContent/Textures/T_Wood_Floor_Walnut_D.uasset" 559
"../../../../../../MyProjects/Pingu/PinguShooter/Content/StarterContent/Textures/T_Wood_Floor_Walnut_M.uasset" 560
"../../../../../../MyProjects/Pingu/PinguShooter/Content/StarterContent/Textures/T_Wood_Floor_Walnut_N.uasset" 561
"../../../../../../MyProjects/Pingu/PinguShooter/Content/StarterContent/Materials/M_Wood_Floor_Walnut_Polished.uasset" 562
"../../../Engine/Content/Functions/Engine_MaterialFunctions01/Opacity/AlphaOffset.uasset" 563
"../../../../../../MyProjects/Pingu/PinguShooter/Content/StarterContent/Materials/M_Wood_Floor_Walnut_Worn.uasset" 564
"../../../../../../MyProjects/Pingu/PinguShooter/Content/StarterContent/Textures/T_Wood_Oak_D.uasset" 565
"../../../../../../MyProjects/Pingu/PinguShooter/Content/StarterContent/Textures/T_Wood_Oak_N.uasset" 566
"../../../../../../MyProjects/Pingu/PinguShooter/Content/StarterContent/Materials/M_Wood_Oak.uasset" 567
"../../../../../../MyProjects/Pingu/PinguShooter/Content/StarterContent/Textures/T_Wood_Pine_D.uasset" 568
"../../../../../../MyProjects/Pingu/PinguShooter/Content/StarterContent/Textures/T_Wood_Pine_N.uasset" 569
"../../../../../../MyProjects/Pingu/PinguShooter/Content/StarterContent/Materials/M_Wood_Pine.uasset" 570
"../../../../../../MyProjects/Pingu/PinguShooter/Content/StarterContent/Textures/T_Wood_Walnut_D.uasset" 571
"../../../../../../MyProjects/Pingu/PinguShooter/Content/StarterContent/Textures/T_Wood_Walnut_N.uasset" 572
"../../../../../../MyProjects/Pingu/PinguShooter/Content/StarterContent/Materials/M_Wood_Walnut.uasset" 573
"../../../../../../MyProjects/Pingu/PinguShooter/Content/StarterContent/Architecture/Wall_400x200.uasset" 574
"../../../../../../MyProjects/Pingu/PinguShooter/Content/StarterContent/Architecture/Wall_Door_400x300.uasset" 575
"../../../../../../MyProjects/Pingu/PinguShooter/Content/StarterContent/Architecture/Wall_Window_400x300.uasset" 576
"../../../../../../MyProjects/Pingu/PinguShooter/Content/StarterContent/Audio/Collapse_Cue.uasset" 577
"../../../../../../MyProjects/Pingu/PinguShooter/Content/StarterContent/Audio/Starter_Music_Cue.uasset" 578
"../../../../../../MyProjects/Pingu/PinguShooter/Content/StarterContent/Textures/T_Dust_Particle_D.uasset" 579
"../../../../../../MyProjects/Pingu/PinguShooter/Content/StarterContent/Particles/Materials/M_Dust_Particle.uasset" 580
"../../../../../../MyProjects/Pingu/PinguShooter/Content/StarterContent/Particles/P_Ambient_Dust.uasset" 581
"../../../../../../MyProjects/Pingu/PinguShooter/Content/StarterContent/Props/MaterialSphere.uasset" 582
"../../../../../../MyProjects/Pingu/PinguShooter/Content/StarterContent/Textures/T_Frame_M.uasset" 583
"../../../../../../MyProjects/Pingu/PinguShooter/Content/StarterContent/Textures/T_Frame_N.uasset" 584
"../../../../../../MyProjects/Pingu/PinguShooter/Content/StarterContent/Props/Materials/M_Frame.uasset" 585
"../../../../../../MyProjects/Pingu/PinguShooter/Content/StarterContent/Props/SM_CornerFrame.uasset" 586
"../../../../../../MyProjects/Pingu/PinguShooter/Content/StarterContent/Props/SM_DoorFrame.uasset" 587
"../../../../../../MyProjects/Pingu/PinguShooter/Content/StarterContent/Props/SM_GlassWindow.uasset" 588
"../../../../../../MyProjects/Pingu/PinguShooter/Content/StarterContent/Props/SM_PillarFrame.uasset" 589
"../../../../../../MyProjects/Pingu/PinguShooter/Content/StarterContent/Props/SM_PillarFrame300.uasset" 590
"../../../../../../MyProjects/Pingu/PinguShooter/Content/StarterContent/Props/SM_WindowFrame.uasset" 591
"../../../../../../MyProjects/Pingu/PinguShooter/Content/StarterContent/Shapes/Shape_Cube.uasset" 592
"../../../../../../MyProjects/Pingu/PinguShooter/Content/StarterContent/Shapes/Shape_QuadPyramid.uasset" 593
"../../../../../../MyProjects/Pingu/PinguShooter/Content/StarterContent/Shapes/Shape_Sphere.uasset" 594
"../../../../../../MyProjects/Pingu/PinguShooter/Content/StarterContent/Maps/StarterMap.umap" 595
"../../../Engine/Content/Maps/Entry_BuiltData.uasset" 596
"../../../Engine/Content/Maps/Entry.umap" 597
